# 103 listings have no clean blend identity (left as standalone tins):

[Speak-Easy.Club] Country Squire Blue Ribbon |  | 1.6oz
[Speak-Easy.Club] Country Squire Cherokee |  | 2oz
[Speak-Easy.Club] Country Squire Cordial Friends |  | 3.7oz
[Speak-Easy.Club] Country Squire Cowboy Coffee | 2020 | 3.6oz
[Speak-Easy.Club] Country Squire Figgy Pudding |  | 3.3oz
[Speak-Easy.Club] Country Squire Flour De Lis |  | 0.8oz
[Speak-Easy.Club] Country Squire Green Dragon | 2020 | 1.5oz
[Speak-Easy.Club] Country Squire Rivendell |  | 2.2oz
[Speak-Easy.Club] Country Squire Tobac Du Chocolat |  | 1oz
[Speak-Easy.Club] Country Squire Trumpeter |  | 2.2oz
[Speak-Easy.Club] Dunhill Early Morning Pipe | 2016 | 1.3oz
[Speak-Easy.Club] G&H Bright CR Flake | 2020 | 3.59oz
[Speak-Easy.Club] Gatlinbulier Burliers blend | 2022 | 5.4oz
[Speak-Easy.Club] HH Arcadian Perique | 2015 | 2oz
[Speak-Easy.Club] L.J. Peretti No 8 Slice | 2017 | 1.3oz
[Speak-Easy.Club] L.J. Peretti Park Square | 2017 | 1.4oz
[Speak-Easy.Club] L.J. Peretti Thanksgiving Day | 2024? | 3.7oz
[Speak-Easy.Club] McClelland Raspberries in Cream |  | 1.9oz
[Speak-Easy.Club] Stokkabye Black & Tan |  | 1.7oz
[Speak-Easy.Club] Unknown Aromatic |  | 2.5oz
[Speak-Easy.Club] W.Ø. Larsen
[Tinbids Auction (Sold)] 100G Orlik Golden Sliced 2016
[Tinbids Auction (Sold)] 1980's Dunhill Standard Mixture Medium 100 Gram Tin
[Tinbids Auction (Sold)] 2002 Smokers Haven Christmas Cheer 100g
[Tinbids Auction (Sold)] 2003 Smokers Haven Cognac 8oz
[Tinbids Auction (Sold)] 2004 Smokers Haven Exotique, 8oz
[Tinbids Auction (Sold)] 2005 Rattrays Marlin flake 100g
[Tinbids Auction (Sold)] 2005-2010 RATTRAY'S 3 NOGGINS --- ALMOST FULL OPENED TIN
[Tinbids Auction (Sold)] 2007 G.L. Pease Westminster- First Year of Production
[Tinbids Auction (Sold)] 2011 G.L. PEASE ODYSSEY approx. 1.9 ounces
[Tinbids Auction (Sold)] 2013 McCLELLAND GRAND ORIENTALS BLACK SEA SOKHOUM approx. 1.9 ounces
[Tinbids Auction (Sold)] 2014 Balkan Sobranie
[Tinbids Auction (Sold)] 2016 Cellared Dunhill lot
[Tinbids Auction (Sold)] 2018 Mike and Russ The Mind Meld 50g tin Full Latakia Pipe Tobacco Mixture from 2018
[Tinbids Auction (Sold)] 8oz bag of Margate 2024
[Tinbids Auction (Sold)] BALKAN SOBRANIE 50g RARE
[Tinbids Auction (Sold)] Balkan Sobranie and Penzance Tins
[Tinbids Auction (Sold)] Butera’s Royal Vintage Latakia No.2 Sealed 50g Pipe Tobacco Tin 2016
[Tinbids Auction (Sold)] C&D Small Batch From Beyond 2025
[Tinbids Auction (Sold)] CARTER HALL and PRINCE ALBERT'S Pipe Tobacco - 1 1/2 OZ. Sealed Boxes
[Tinbids Auction (Sold)] CONWAY'S PRIVATE BLEND Pipe Mixture (1970s) 1 1/2 OZS. Sealed Box
[Tinbids Auction (Sold)] Capstan Flake 2016
[Tinbids Auction (Sold)] Capstan Ready Rubbed 2013
[Tinbids Auction (Sold)] Collectible G.L. Pease Spark Plug 50g Sealed Pipe Tobacco Tin 2020
[Tinbids Auction (Sold)] Davidoff Flake Medallions 2016
[Tinbids Auction (Sold)] Dorchester, Balkan Sobranie and Margate Tins
[Tinbids Auction (Sold)] Dorchester, Pembroke and And So To Bed Tins
[Tinbids Auction (Sold)] Dunhill Collector’s Lot of Seven x 1.75oz tins from 2017 and 2018
[Tinbids Auction (Sold)] Dunhill Durbar 50g tin from 2017. Rare, Hard to Find, and Discontinued Tobacco
[Tinbids Auction (Sold)] Dunhill Flake 2016 NR
[Tinbids Auction (Sold)] Dunhill London Mixture Painted Lid - 1 Tin NR BIN $110
[Tinbids Auction (Sold)] Dunhill The “Royal Yacht “ Mixture 2016 NR
[Tinbids Auction (Sold)] EDGEWORTH (1970s Larus) READY-RUBBED "BLUE" Pipe Tobacco - 14 OZ. Sealed Tin
[Tinbids Auction (Sold)] ESOTERICA PENZANCE 8oz BAG RARE
[Tinbids Auction (Sold)] Erik Nording's Hunter Blend - Pointer
[Tinbids Auction (Sold)] Erik Nording's Hunter Blend - Retriever
[Tinbids Auction (Sold)] Erik Peter's Blend
[Tinbids Auction (Sold)] Escudo Navy De Luxe 2016
[Tinbids Auction (Sold)] Esoterica - Penzance 2oz
[Tinbids Auction (Sold)] Fribourg & Treyer Vintage 50g tin SEALED
[Tinbids Auction (Sold)] GRANGER (1970s? Pinkerton) ROUGH CUT Pipe Tobacco - 14 OZ. Sealed Tin
[Tinbids Auction (Sold)] HH MacBaren Vintage Syrian (2017) Discontinued
[Tinbids Auction (Sold)] HU Tobacco ENGLISH BREAKFAST 2024 - 100g
[Tinbids Auction (Sold)] LYON'S OWN Smoking Mixture Pipe Tobacco (1960s?) 2 OZS. Sealed Box
[Tinbids Auction (Sold)] Large tin Plum cake Navy Blend 2016
[Tinbids Auction (Sold)] Large tin Vintage Syrian 2015
[Tinbids Auction (Sold)] Lot 2016, 2017 CD Briar fox, Bijou, Chenet's Cake, Gl pease Chelsea
[Tinbids Auction (Sold)] MODEL SMOKING TOBACCO (1980s) 1-3/8 OZ Sealed Box
[Tinbids Auction (Sold)] Margate, Balkan Sobranie and And So To Bed  (Three) Tins
[Tinbids Auction (Sold)] Margate, Balkan Sobranie and Pembroke Tins
[Tinbids Auction (Sold)] McClelland - Royal Cajun Dark
[Tinbids Auction (Sold)] McClelland - Royal Cajun Special
[Tinbids Auction (Sold)] McClelland - Tudor Castle
[Tinbids Auction (Sold)] McClelland Christmas Cheer 2008 8oz
[Tinbids Auction (Sold)] McClelland English Blend 3 Oaks
[Tinbids Auction (Sold)] McClelland Grand Orientals - Venice Agonya
[Tinbids Auction (Sold)] McCranie's Red Flake
[Tinbids Auction (Sold)] McCranie's Red Ribbon
[Tinbids Auction (Sold)] Mcelland Balkan Beauty 2016
[Tinbids Auction (Sold)] Mixture No. 79  - 2 sealed tubs Sutliff
[Tinbids Auction (Sold)] PRINCE ALBERT'S (1970s) MELLOW WHISKY Pipe Tobacco (JOHN MIDDLETON) Sealed Display of Six (6) 1.5oz Pouches
[Tinbids Auction (Sold)] Pembroke, Balkan Sobranie and And So To Bed Tins
[Tinbids Auction (Sold)] Penzance 8 ounce Bag
[Tinbids Auction (Sold)] Peter Heinrichs Golden Sliced 200g Bid or Buy Now
[Tinbids Auction (Sold)] Re-list!*2008* Vintage ~ Dunhill  The Royal Yacht
[Tinbids Auction (Sold)] Re-listed ~ SUPER! Rare! Dobie's Four Square Medium Navy (Light Blue)
[Tinbids Auction (Sold)] Russ Ouellette Fire storm 2016
[Tinbids Auction (Sold)] Samuel Gawith's Black XX
[Tinbids Auction (Sold)] Sealed Mac Baren HH Acadian Perique 1.75oz. Tin from 2020. Rare, Hard to Find, and Discontinued Tobacco
[Tinbids Auction (Sold)] Seattle Pipe Club 2023 Virginia Jazz
[Tinbids Auction (Sold)] Seattle Pipe Club Mississippi River Special Reserve 4oz can from 2017
[Tinbids Auction (Sold)] Seattle Pipe Club Plum Pudding Special Reserve 4oz can from 2017
[Tinbids Auction (Sold)] Seattle Pipe Club Rainier Levant 2oz can from 2017
[Tinbids Auction (Sold)] Six Cult Blood Red Moon 50g Tins from 2017 very hard to find now
[Tinbids Auction (Sold)] Stonehaven Esoterica  8ozs Almost sealed and cellared Cream Bag
[Tinbids Auction (Sold)] Vintage - 2017 Dunhill Elizabethan Mixture - 50g
[Tinbids Auction (Sold)] Vintage - 2018 Dunhill The Royal Yacht Mixture - 50g
[Tinbids Auction (Sold)] Vintage EIGHT BROTHERS (1980s?) LONG CUT Tobacco - Lot of Six (6) 1-5/8 oz Sealed Pouches
[Tinbids Auction (Sold)] Vintage Erinmore Tin - 1 Tin NR BIN $125
[Tinbids Auction (Sold)] Vintage KRISWILL (late 1970s - 1980s) BROWN (LIGHT AROMATIC) Pipe Tobacco - Display Box of Six (6) 1-1/2 oz Unopened Pouches
[Tinbids Auction (Sold)] Vintage KRISWILL (late 1970s - 1980s) LIGHT AROMATIC Pipe Tobacco - Display Box of Six (6) 1-1/2 oz Unopened Pouches
[Tinbids Auction (Sold)] Vintage McClelland PERIQUE 50g Sealed Tin
[Tinbids Auction (Sold)] Vintage cellared lot from 2016
